<?xml version="1.0" encoding="UTF-8"?>
<testsuite name="org.as.devtechsolution.mock.MockServiceTest" tests="1" skipped="0" failures="0" errors="0" timestamp="2021-06-07T03:39:55" hostname="DESKTOP-034S16G" time="1.475">
  <properties/>
  <testcase name="validate_test1()" classname="org.as.devtechsolution.mock.MockServiceTest" time="1.475"/>
  <system-out><![CDATA[]]></system-out>
  <system-err><![CDATA[]]></system-err>
</testsuite>
